<?xml version="1.0" encoding="UTF-8"?>
<testng-results ignored="0" total="1" passed="1" failed="0" skipped="0">
  <reporter-output>
  </reporter-output>
  <suite started-at="2021-03-17T19:45:39 IST" name="Default suite" finished-at="2021-03-17T19:45:46 IST" duration-ms="6287">
    <groups>
    </groups>
    <test started-at="2021-03-17T19:45:39 IST" name="Default test" finished-at="2021-03-17T19:45:46 IST" duration-ms="6287">
      <class name="jenkins.Locators">
        <test-method signature="method()[pri:0, instance:jenkins.Locators@87a85e1]" started-at="2021-03-17T19:45:39 IST" name="method" finished-at="2021-03-17T19:45:46 IST" duration-ms="6255" status="PASS">
          <reporter-output>
          </reporter-output>
        </test-method> <!-- method -->
      </class> <!-- jenkins.Locators -->
    </test> <!-- Default test -->
  </suite> <!-- Default suite -->
</testng-results>
